<?xml version="1.0" encoding="UTF-8"?>
<!-- Generated by org.testng.reporters.JUnitXMLReporter -->
<testsuite hostname="Saikrishna" ignored="0" name="Test" tests="1" failures="1" timestamp="30 Jan 2017 15:27:56 GMT" time="43.822" errors="0">
  <testcase name="run" time="43.793" classname="com.netflix.driver.TestDriver">
    <failure type="java.lang.NullPointerException">
      <![CDATA[java.lang.NullPointerException
	at com.netflix.driver.TestDriver.run(TestDriver.java:130)
... Removed 25 stack frames]]>
    </failure>
  </testcase> <!-- run -->
</testsuite> <!-- Test -->
